>>> Warning 201 "C:\Users\dorakengi\Desktop\HW\tcpip\helpers.c" Line 189(1,1): Assignment inside relational expression
>>> Warning 201 "C:\Users\dorakengi\Desktop\HW\tcpip\helpers.c" Line 264(1,1): Assignment inside relational expression
>>> Warning 207 "C:\Users\dorakengi\Desktop\HW\tcpip\icmp.c" Line 116(1,1): Code has no effect
>>> Warning 207 "C:\Users\dorakengi\Desktop\HW\tcpip\icmp.c" Line 153(1,1): Code has no effect
>>> Warning 207 "C:\Users\dorakengi\Desktop\HW\tcpip\udp.c" Line 352(1,1): Code has no effect
>>> Warning 207 "C:\Users\dorakengi\Desktop\HW\tcpip\udp.c" Line 360(1,1): Code has no effect
>>> Warning 207 "C:\Users\dorakengi\Desktop\HW\tcpip\udp.c" Line 556(1,1): Code has no effect
>>> Warning 207 "C:\Users\dorakengi\Desktop\HW\tcpip\udp.c" Line 593(1,1): Code has no effect
>>> Warning 207 "C:\Users\dorakengi\Desktop\HW\tcpip\udp.c" Line 606(1,1): Code has no effect
>>> Warning 207 "C:\Users\dorakengi\Desktop\HW\tcpip\udp.c" Line 613(1,1): Code has no effect
>>> Warning 207 "C:\Users\dorakengi\Desktop\HW\tcpip\arp.c" Line 116(1,1): Code has no effect
>>> Warning 201 "C:\Users\dorakengi\Desktop\HW\tcpip\http.c" Line 175(1,1): Assignment inside relational expression
>>> Warning 203 "C:\Users\dorakengi\Desktop\HW\tcpip\http.c" Line 611(1,1): Condition always TRUE
>>> Warning 201 "C:\Users\dorakengi\Desktop\HW\tcpip\http.c" Line 702(1,1): Assignment inside relational expression
>>> Warning 207 "C:\Users\dorakengi\Desktop\HW\tcpip\stacktsk.c" Line 390(1,1): Code has no effect
>>> Warning 207 "C:\Users\dorakengi\Desktop\HW\tcpip\stacktsk.c" Line 395(1,1): Code has no effect
>>> Warning 207 "C:\Users\dorakengi\Desktop\HW\tcpip\stacktsk.c" Line 399(1,1): Code has no effect
>>> Warning 207 "C:\Users\dorakengi\Desktop\HW\tcpip\stacktsk.c" Line 403(1,1): Code has no effect
>>> Warning 207 "C:\Users\dorakengi\Desktop\HW\tcpip\stacktsk.c" Line 427(1,1): Code has no effect
>>> Warning 207 "C:\Users\dorakengi\Desktop\HW\tcpip\stacktsk.c" Line 451(1,1): Code has no effect
>>> Warning 207 "C:\Users\dorakengi\Desktop\HW\tcpip\stacktsk.c" Line 458(1,1): Code has no effect
>>> Warning 207 "C:\Users\dorakengi\Desktop\HW\tcpip\stacktsk.c" Line 468(1,1): Code has no effect
>>> Warning 207 "C:\Users\dorakengi\Desktop\HW\tcpip\stacktsk.c" Line 475(1,1): Code has no effect
>>> Warning 207 "C:\Users\dorakengi\Desktop\HW\tcpip\stacktsk.c" Line 483(1,1): Code has no effect
>>> Warning 207 "C:\Users\dorakengi\Desktop\HW\tcpip\stacktsk.c" Line 494(1,1): Code has no effect
>>> Warning 207 "C:\Users\dorakengi\Desktop\HW\tcpip\stacktsk.c" Line 516(1,1): Code has no effect
>>> Warning 207 "C:\Users\dorakengi\Desktop\HW\tcpip\stacktsk.c" Line 538(1,1): Code has no effect
>>> Warning 225 "C:\Users\dorakengi\Desktop\HW\ccshelper.c" Line 267(28,38): Duplicate #define
>>> Warning 201 "C:\Users\dorakengi\Desktop\HW\ccshelperui.c" Line 143(1,1): Assignment inside relational expression
      Memory usage:   ROM=66%      RAM=22% - 27%
      0 Errors,  29 Warnings.
