
ROM used: 23706 (72%)
          23706 (72%) including unused fragments

          2 Average locations per line
          12 Average locations per statement

RAM used: 288 (19%) at main() level
          424 (28%) worst case

Stack used: 11 worst case (out of 31 total available)

Lines Stmts  %   Files
----- ----- ---  -----
  434    90   5  udp.C
   27     0   0  udp.h
  416     0   0  ..\..\..\..\Program Files\PICC\devices\18F458.h
  597    89   4  tcpip\stacktsk.c
  578     0   0  tcpip\stacktsk.h
  253     0   0  tcpip\pic18.h
  194     0   0  tcpip\hardware.h
  409     0   0  ..\..\..\..\Program Files\PICC\drivers\string.h
   28     0   0  ..\..\..\..\Program Files\PICC\drivers\stddef.h
   28     0   0  ..\..\..\..\Program Files\PICC\drivers\ctype.h
 1273   359  18  ..\..\..\..\Program Files\PICC\drivers\stdlib.h
  279    49   2  tcpip\helpers.c
   65     0   0  tcpip\helpers.h
  222     0   0  tcpip\mac.h
  578     0   0  tcpip\StackTsk.h
  726     0   0  tcpip\ENC28J60.h
  155    15   1  tcpip\tick.c
  148     0   0  tcpip\tick.h
 2225   328  17  tcpip\enc28j60.c
   65     0   0  tcpip\Helpers.h
  222     0   0  tcpip\MAC.h
  359     0   0  tcpip\udp.h
  172     0   0  tcpip\dhcp.h
  307    39   2  tcpip\ip.c
  258     0   0  tcpip\ip.h
  257    33   2  tcpip\icmp.c
  151     0   0  tcpip\icmp.h
  696   134   7  tcpip\udp.c
  832   282  14  tcpip\dhcp.c
  213    31   2  tcpip\arptsk.c
  118     0   0  tcpip\arp.h
  128     0   0  tcpip\arptsk.h
  243    53   3  tcpip\arp.c
 1078   226  11  ccshelper.c
  163    66   3  tcpip\mlcd.c
  142    57   3  ..\..\..\..\Program Files\PICC\drivers\AT25256.C
  466   132   7  ccshelperui.c
----- -----
14505  1983 Total

Page ROM  %  RAM   Vol Diff  Functions:
---- --- --- ---   --- ----  ----------
0     40   0   1             @delay_ms1
0     86   0   6             @MULS1616
0    496   1  11  1817 10.4  atol
0     22   0   4   178  3.0  swaps
0    240   1  20   989  9.4  CalcIPChecksum
0     22   0   0   138  2.9  TickInit
0     26   0   2    86  2.1  TickGet
0     32   0   0   230  1.8  Tick_Isr
0     36   0   1   214  2.7  ENCSPIInit
0     16   0   1    38  1.4  ENCSPIXfer
0    464   1   2  3878 11.2  MACInit
0     30   0   2    44  1.6  MACIsLinked
0     42   0   2    91  2.7  MACIsTxReady
0     42   0   2   118  3.9  MACGetTxBuffer
0    108   0   2   636  7.5  MACDiscardRx
0    310   1  26  1894 10.6  MACGetHeader
0    206   0   8   989  9.0  MACPutHeader
0    552   1   2  2697 11.5  MACFlush
0    124   0   6   692  7.2  MACSetRxBuffer
0    170   0   6   576  6.5  MACSetTxBuffer
0    264   1   8  1582  9.2  MACCalcRxChecksum
0    216   0   8   908  8.1  MACCalcTxChecksum
0    346   1   6  1772 10.9  CalcIPBufferChecksum
0     44   0   1   151  2.9  MACGet
0    100   0   8   281  5.5  MACGetArray
0     30   0   1   110  2.1  MACPut
0     78   0   5   187  4.4  MACPutArray
0     22   0   0    84  2.0  SendSystemReset
0     42   0   3   158  3.1  ReadETHReg
0     50   0   3   183  3.0  ReadMACReg
0    154   0   4   444  4.3  ReadPHYReg
0     30   0   3   123  2.8  WriteReg
0     30   0   3   123  2.8  BFCReg
0     30   0   3   123  2.8  BFSReg
0    146   0   6   322  4.7  WritePHYReg
0     54   0   5   149  4.7  BankSel
0    156   0   5   647  6.3  MACSetDuplex
0     18   0   1    53  1.7  UDPIsPutReady
0    232   0  32   857  7.7  IPGetHeader
0    304   1  29  1184  7.5  IPPutHeader
0     26   0   4    33  1.7  IPSetRxBuffer
0    224   0   6   191  1.9  SwapIPHeader
0    232   0  89   785  7.4  ICMPGet
0    270   1  87  1247  7.7  ICMPPut
0    224   0   6   202  2.3  SwapICMPPacket
0     30   0   1    99  2.7  UDPInit
0    198   0  11   675  7.8  UDPOpen
0    126   0   3   165  2.5  UDPClose
0    314   1   9   800  7.8  UDPPut
0    334   1  12  1458  6.7  UDPFlush
0     70   0   3    76  2.9  UDPIsGetReady
0    282   1   4   406  6.1  UDPGet
0     96   0   2    88  2.9  UDPDiscard
0    522   1  31  2326  8.8  UDPProcess
0    420   1  14  1020  6.4  FindMatching_UDP_Socket
0     32   0   0   197  4.0  DHCPReset
0   1076   2  15  4153 13.9  DHCPTask
0     52   0   0             @goto12139
0   1042   2   9  5944 16.0  _DHCPReceive
0    500   1   2  2694  6.2  _DHCPSend
0     28   0   0   414  2.8  ARPInit
0    144   0  11   511  8.0  ARPProcess
0     64   0  12   101  3.1  ARPResolve
0    128   0   6   251  3.8  ARPIsResolved
0    226   0  34  1492  8.2  ARPGet
0    396   1  36  1689  7.9  ARPPut
0    212   0   6   224  2.8  SwapARPPacket
0     18   0   0   236  2.7  StackInit
0    436   1   8  3576 11.0  StackTask
0     52   0   0             @goto12557
0      8   0   0             @PUTCHARI_BIU_3
0     30   0   0             @const1368
0     82   0   3   422  4.3  lcd_read_byte
0     38   0   1   112  2.2  lcd_send_nibble
0     78   0   3   290  3.9  lcd_send_byte
0    132   0   2   479  5.7  lcd_init
0     40   0   4   186  5.5  lcd_gotoxy
0     92   0   1   272  4.1  lcd_putc
0     20   0   1    94  1.7  init_ext_eeprom
0     82   0   3   586  5.7  ext_eeprom_ready
0    112   0  10   935  7.5  write_ext_eeprom
0    102   0   9   882  6.1  read_ext_eeprom
0     22   0   0             @const1409
0     16   0   0             @PSTRINGC_1384
0     44   0   3             @DIV88
0    130   0   2             @PRINTF_U_1384
0     16   0   0             @const1418
0     18   0   0             @const1419
0     58   0   7   121  2.3  write_ext_eeprom16
0     66   0   6   211  3.8  read_ext_eeprom16
0    146   0  10   334  4.7  read_ext_eeprom_ip
0    168   0  10   334  4.7  write_ext_eeprom_ip
0    298   1   3   918  4.3  clear_ee
0     18   0   0             @const1447
0     24   0   0             @const1448
0     18   0   0             @PSTRINGC_9600_31766_31767
0     32   0   0             @const1450
0     16   0   0             @const1451
0     26   0   1    48  1.6  init_eeprom_defaults
0    302   1   0  2800  8.5  init
0    156   0  10   446  6.7  set_port_bit
0     86   0   6   264  4.3  get_port_bit
0    116   0   8   346  5.2  get_pin_string
0      6   0   0             @const1471
0     32   0   1             @SPRINTF
0     20   0   0             @PSTRINGC_1473
0    746   2  15  1900  5.9  hardware_io_test_pin
0      8   0   0             @const1485
0     22   0   0             @PSTRINGR_9600_31766_31767
0     26   0   1             @PSTRINGCN_9600_31766_31767
0     10   0   0             @const1490
0     70   0   2             @PRINTF_X_9600_31766_31767
0   1228   3   2  3281  7.9  hardware_test
0     20   0   0             @const1500
0      6   0   0             @const1501
0      6   0   0             @const1502
0     18   0   0             @const1503
0      6   0   0             @const1504
0     10   0   0             @const1505
0     36   0   0             @const1506
0     62   0   0             @const1507
0     40   0   0             @const1508
0     40   0   0             @const1509
0     20   0   0             @const1510
0     48   0   0             @const1511
0     26   0   0             @const1512
0     22   0   0             @const1513
0      6   0   0             @const1514
0     44   0   0             @const1515
0     22   0   0             @const1516
0    142   0   6   166  3.0  ui_disp_ip_user
0    126   0   2             @PRINTF_U_9600_31766_31767
0    488   1   7  1469  4.7  ui_settings
0     34   0   0             @const1529
0     18   0   0             @const1530
0      6   0   0             @const1531
0     16   0   0             @const1532
0      6   0   0             @const1533
0      6   0   0             @const1534
0      6   0   0             @const1535
0     16   0   0             @const1536
0     12   0   0             @const1537
0     12   0   0             @const1538
0     24   0   0             @const1539
0     28   0   0             @const1540
0    170   0   9             @PRINTF_LU_9600_31766_31767
0     24   0   0             @const1543
0    164   0   7   793  9.5  fget_string
0     70   0   6   178  3.2  fget_int
0    126   0   2             @PRINTF_U_1473
0     76   0  10   171  3.1  fget_long
0    190   0   9             @PRINTF_LU_1473
0     86   0   7   279  3.7  fgethex
0     76   0   2             @PRINTF_X_1473
0    188   0  10   387  5.1  ui_ip_to_ee
0     12   0   0             @const1576
0    356   1   6  1027  7.0  ui_setup
0     16   0   0             @const1582
0     14   0   0             @const1583
0     22   0   0             @const1584
0     18   0   0             @const1585
0     14   0   0             @const1586
0     14   0   0             @const1587
0     34   0   0             @const1588
0    232   0   4   425  2.3  ui_udp_settings
0     26   0   0             @const1591
0     56   0   0             @const1592
0     50   0   0             @const1594
0     34   0   0             @const1596
0     50   0   0   133  1.5  ui_menu
0     24   0   0             @const1598
0     30   0   0             @const1599
0     20   0   0             @const1600
0     24   0   0             @const1601
0    104   0   1   389  3.8  ui_handle
0     20   0   0             @const1604
0    406   1   2  1127  9.1  LCDTask
0     14   0   0             @const1620
0     16   0   0             @const1621
0     12   0   0             @const1622
0     12   0   0             @const1623
0     44   0   3             @PSTRINGCN_1384
0     76   0   2             @PRINTF_X_1384
0     16   0   0             @const1630
0     16   0   0             @const1631
0    654   1   6  2005 12.0  MyUDPTXTask
0    132   0   4   367  4.8  MyUDPRXTask
0     28   0   0    90  1.9  splash
0     50   0   0             @const1642
0    428   1   0   396  4.2  main

Program metrics:
    Functions               104
    Statements              1983
    Comments                11404
    Volume (V)              153792
    Difficilty (D)          557.7
    Effort to implement (E) 85767270
    Time to implement (T)   1323 hours, 34 minutes
    Est Delivered Bugs (B)  65
    Cyclomatic Complexity   228
    Maintainability (MI)    60

 Segment     Used  Free
-----------  ----  ----
00000-00002     4  0  
00004-00006     0  4  
00008-00094   142  0  
00096-07FFE  23560  9058  



